#
# There is insufficient memory for the Java Runtime Environment to continue.
# Native memory allocation (malloc) failed to allocate 1381296 bytes for Chunk::new
# Possible reasons:
#   The system is out of physical RAM or swap space
#   The process is running with CompressedOops enabled, and the Java Heap may be blocking the growth of the native heap
# Possible solutions:
#   Reduce memory load on the system
#   Increase physical memory or swap space
#   Check if swap backing store is full
#   Decrease Java heap size (-Xmx/-Xms)
#   Decrease number of Java threads
#   Decrease Java thread stack sizes (-Xss)
#   Set larger code cache with -XX:ReservedCodeCacheSize=
#   JVM is running with Unscaled Compressed Oops mode in which the Java heap is
#     placed in the first 4GB address space. The Java Heap base address is the
#     maximum limit for the native heap growth. Please use -XX:HeapBaseMinAddress
#     to set the Java Heap base and to place the Java Heap above 4GB virtual address.
# This output file may be truncated or incomplete.
#
#  Out of Memory Error (./src/hotspot/share/memory/arena.cpp:197), pid=47808, tid=7948
#
# JRE version: OpenJDK Runtime Environment (11.0.10) (build 11.0.10+0-b96-7249189)
# Java VM: OpenJDK 64-Bit Server VM (11.0.10+0-b96-7249189, mixed mode, tiered, compressed oops, g1 gc, windows-amd64)
# No core dump will be written. Minidumps are not enabled by default on client versions of Windows
#

---------------  S U M M A R Y ------------

Command Line: --add-opens=java.base/java.util=ALL-UNNAMED --add-opens=java.base/java.lang=ALL-UNNAMED --add-opens=java.base/java.lang.invoke=ALL-UNNAMED --add-opens=java.prefs/java.util.prefs=ALL-UNNAMED -Xmx1536m -Dfile.encoding=windows-1251 -Duser.country=RU -Duser.language=ru -Duser.variant org.gradle.launcher.daemon.bootstrap.GradleDaemon 5.1.1

Host: Intel(R) Core(TM) i7-3770 CPU @ 3.40GHz, 8 cores, 15G,  Windows 10 , 64 bit Build 18362 (10.0.18362.1110)
Time: Tue Nov 23 14:05:34 2021 RTZ 2 (ceia) elapsed time: 7.095750 seconds (0d 0h 0m 7s)

---------------  T H R E A D  ---------------

Current thread (0x000001d4e1451800):  JavaThread "C2 CompilerThread2" daemon [_thread_in_native, id=7948, stack(0x0000000571100000,0x0000000571200000)]


Current CompileTask:
C2:   7095 3359       4       org.codehaus.groovy.runtime.metaclass.MetaMethodIndex::addMethodToList (298 bytes)

Stack: [0x0000000571100000,0x0000000571200000]
Native frames: (J=compiled Java code, j=interpreted, Vv=VM code, C=native code)
V  [jvm.dll+0x5ecfaa]
V  [jvm.dll+0x722bd5]
V  [jvm.dll+0x72412d]
V  [jvm.dll+0x7247e3]
V  [jvm.dll+0x242928]
V  [jvm.dll+0xbc4fc]
V  [jvm.dll+0xbca0c]
V  [jvm.dll+0x352d3b]
V  [jvm.dll+0x320ad3]
V  [jvm.dll+0x31ffca]
V  [jvm.dll+0x1fb602]
V  [jvm.dll+0x1fa7f4]
V  [jvm.dll+0x18354c]
V  [jvm.dll+0x208ee7]
V  [jvm.dll+0x207731]
V  [jvm.dll+0x6eb1cf]
V  [jvm.dll+0x6e3d45]
V  [jvm.dll+0x5ebe96]
C  [ucrtbase.dll+0x210b2]
C  [KERNEL32.DLL+0x17c24]
C  [ntdll.dll+0x6d4d1]


---------------  P R O C E S S  ---------------

Threads class SMR info:
_java_thread_list=0x000001d4dda7b740, length=28, elements={
0x000001d4bfa6c000, 0x000001d4db3ab800, 0x000001d4db3b6000, 0x000001d4db40d000,
0x000001d4db40e000, 0x000001d4db410000, 0x000001d4db41c000, 0x000001d4db422800,
0x000001d4db42e800, 0x000001d4db58d000, 0x000001d4dd0e5800, 0x000001d4dd60e800,
0x000001d4dca1f800, 0x000001d4dd2b4800, 0x000001d4dd680000, 0x000001d4dcab1000,
0x000001d4dd5a0000, 0x000001d4dd431000, 0x000001d4dd430000, 0x000001d4dd83f800,
0x000001d4dd841000, 0x000001d4dd83e800, 0x000001d4dd840000, 0x000001d4dd83e000,
0x000001d4dd843800, 0x000001d4dd844800, 0x000001d4dddc4000, 0x000001d4e1451800
}

Java Threads: ( => current thread )
  0x000001d4bfa6c000 JavaThread "main" [_thread_blocked, id=23968, stack(0x000000056ea00000,0x000000056eb00000)]
  0x000001d4db3ab800 JavaThread "Reference Handler" daemon [_thread_blocked, id=40372, stack(0x000000056f100000,0x000000056f200000)]
  0x000001d4db3b6000 JavaThread "Finalizer" daemon [_thread_blocked, id=28624, stack(0x000000056f200000,0x000000056f300000)]
  0x000001d4db40d000 JavaThread "Signal Dispatcher" daemon [_thread_blocked, id=13872, stack(0x000000056f300000,0x000000056f400000)]
  0x000001d4db40e000 JavaThread "Attach Listener" daemon [_thread_blocked, id=27380, stack(0x000000056f400000,0x000000056f500000)]
  0x000001d4db410000 JavaThread "Service Thread" daemon [_thread_blocked, id=39456, stack(0x000000056f500000,0x000000056f600000)]
  0x000001d4db41c000 JavaThread "C2 CompilerThread0" daemon [_thread_in_native, id=34276, stack(0x000000056f600000,0x000000056f700000)]
  0x000001d4db422800 JavaThread "C1 CompilerThread0" daemon [_thread_in_native, id=47272, stack(0x000000056f700000,0x000000056f800000)]
  0x000001d4db42e800 JavaThread "Sweeper thread" daemon [_thread_blocked, id=39488, stack(0x000000056f800000,0x000000056f900000)]
  0x000001d4db58d000 JavaThread "Common-Cleaner" daemon [_thread_blocked, id=29844, stack(0x000000056f900000,0x000000056fa00000)]
  0x000001d4dd0e5800 JavaThread "Incoming local TCP Connector on port 52055" [_thread_in_native, id=3604, stack(0x000000056fb00000,0x000000056fc00000)]
  0x000001d4dd60e800 JavaThread "Daemon periodic checks" [_thread_blocked, id=35532, stack(0x000000056fc00000,0x000000056fd00000)]
  0x000001d4dca1f800 JavaThread "Daemon" [_thread_blocked, id=23100, stack(0x0000000570200000,0x0000000570300000)]
  0x000001d4dd2b4800 JavaThread "Handler for socket connection from /127.0.0.1:52055 to /127.0.0.1:52056" [_thread_in_native, id=14000, stack(0x0000000570300000,0x0000000570400000)]
  0x000001d4dd680000 JavaThread "Cancel handler" [_thread_blocked, id=17936, stack(0x0000000570400000,0x0000000570500000)]
  0x000001d4dcab1000 JavaThread "Daemon worker" [_thread_in_Java, id=4804, stack(0x0000000570500000,0x0000000570600000)]
  0x000001d4dd5a0000 JavaThread "Asynchronous log dispatcher for DefaultDaemonConnection: socket connection from /127.0.0.1:52055 to /127.0.0.1:52056" [_thread_blocked, id=47532, stack(0x0000000570700000,0x0000000570800000)]
  0x000001d4dd431000 JavaThread "Stdin handler" [_thread_blocked, id=47840, stack(0x0000000570800000,0x0000000570900000)]
  0x000001d4dd430000 JavaThread "Thread-7" [_thread_blocked, id=43836, stack(0x0000000570900000,0x0000000570a00000)]
  0x000001d4dd83f800 JavaThread "Cache worker for file hash cache (C:\Users\User\.gradle\caches\5.1.1\fileHashes)" [_thread_blocked, id=11064, stack(0x0000000570a00000,0x0000000570b00000)]
  0x000001d4dd841000 JavaThread "File lock request listener" [_thread_in_native, id=46920, stack(0x0000000570b00000,0x0000000570c00000)]
  0x000001d4dd83e800 JavaThread "Cache worker for journal cache (C:\Users\User\.gradle\caches\journal-1)" [_thread_blocked, id=41816, stack(0x0000000570c00000,0x0000000570d00000)]
  0x000001d4dd840000 JavaThread "Cache worker for file hash cache (C:\Users\User\AndroidStudioProjects\MyApplication2\.gradle\5.1.1\fileHashes)" [_thread_blocked, id=24064, stack(0x0000000570d00000,0x0000000570e00000)]
  0x000001d4dd83e000 JavaThread "Cache worker for cache directory md-supplier (C:\Users\User\.gradle\caches\5.1.1\md-supplier)" [_thread_blocked, id=47240, stack(0x0000000571200000,0x0000000571300000)]
  0x000001d4dd843800 JavaThread "Cache worker for cache directory md-rule (C:\Users\User\.gradle\caches\5.1.1\md-rule)" [_thread_blocked, id=15524, stack(0x0000000571300000,0x0000000571400000)]
  0x000001d4dd844800 JavaThread "Cache worker for execution history cache (C:\Users\User\.gradle\caches\5.1.1\executionHistory)" [_thread_blocked, id=47996, stack(0x0000000571400000,0x0000000571500000)]
  0x000001d4dddc4000 JavaThread "C2 CompilerThread1" daemon [_thread_in_native, id=8372, stack(0x0000000570600000,0x0000000570700000)]
=>0x000001d4e1451800 JavaThread "C2 CompilerThread2" daemon [_thread_in_native, id=7948, stack(0x0000000571100000,0x0000000571200000)]

Other Threads:
  0x000001d4db387000 VMThread "VM Thread" [stack: 0x000000056f000000,0x000000056f100000] [id=47920]
  0x000001d4db5b9800 WatcherThread [stack: 0x000000056fa00000,0x000000056fb00000] [id=31908]
  0x000001d4bfa84800 GCTaskThread "GC Thread#0" [stack: 0x000000056eb00000,0x000000056ec00000] [id=33412]
  0x000001d4dbf35800 GCTaskThread "GC Thread#1" [stack: 0x000000056fd00000,0x000000056fe00000] [id=24728]
  0x000001d4dc280800 GCTaskThread "GC Thread#2" [stack: 0x000000056fe00000,0x000000056ff00000] [id=46860]
  0x000001d4dc020800 GCTaskThread "GC Thread#3" [stack: 0x000000056ff00000,0x0000000570000000] [id=27160]
  0x000001d4dbc47000 GCTaskThread "GC Thread#4" [stack: 0x0000000570000000,0x0000000570100000] [id=48056]
  0x000001d4dbc47800 GCTaskThread "GC Thread#5" [stack: 0x0000000570100000,0x0000000570200000] [id=46836]
  0x000001d4dda31800 GCTaskThread "GC Thread#6" [stack: 0x0000000570e00000,0x0000000570f00000] [id=19060]
  0x000001d4dcd90000 GCTaskThread "GC Thread#7" [stack: 0x0000000570f00000,0x0000000571000000] [id=7456]
  0x000001d4bfaab800 ConcurrentGCThread "G1 Main Marker" [stack: 0x000000056ec00000,0x000000056ed00000] [id=45728]
  0x000001d4bfaae000 ConcurrentGCThread "G1 Conc#0" [stack: 0x000000056ed00000,0x000000056ee00000] [id=25672]
  0x000001d4dd660800 ConcurrentGCThread "G1 Conc#1" [stack: 0x0000000571000000,0x0000000571100000] [id=30024]
  0x000001d4bfb3e000 ConcurrentGCThread "G1 Refine#0" [stack: 0x000000056ee00000,0x000000056ef00000] [id=5832]
  0x000001d4da9f0800 ConcurrentGCThread "G1 Young RemSet Sampling" [stack: 0x000000056ef00000,0x000000056f000000] [id=39284]

Threads with active compile tasks:
C2 CompilerThread0   7132 3461   !   4       groovyjarjarantlr.CharBuffer::fill (52 bytes)
C1 CompilerThread0   7132 3454   !   3       org.codehaus.groovy.antlr.parser.GroovyLexer::nextToken (2683 bytes)
C2 CompilerThread1   7132 3446       4       groovyjarjarantlr.CharScanner::LA (35 bytes)
C2 CompilerThread2   7132 3359       4       org.codehaus.groovy.runtime.metaclass.MetaMethodIndex::addMethodToList (298 bytes)

VM state:not at safepoint (normal execution)

VM Mutex/Monitor currently owned by a thread: None

Heap address: 0x00000000a0000000, size: 1536 MB, Compressed Oops mode: 32-bit
Narrow klass base: 0x0000000000000000, Narrow klass shift: 3
Compressed class space size: 1073741824 Address: 0x0000000100000000

Heap:
 garbage-first heap   total 262144K, used 144526K [0x00000000a0000000, 0x0000000100000000)
  region size 1024K, 114 young (116736K), 9 survivors (9216K)
 Metaspace       used 39419K, capacity 40099K, committed 40320K, reserved 1085440K
  class space    used 4929K, capacity 5204K, committed 5248K, reserved 1048576K
Heap Regions: E=young(eden), S=young(survivor), O=old, HS=humongous(starts), HC=humongous(continues), CS=collection set, F=free, A=archive, TAMS=top-at-mark-start (previous, next)
|   0|0x00000000a0000000, 0x00000000a0100000, 0x00000000a0100000|100%|HS|  |TAMS 0x00000000a0100000, 0x00000000a0000000| Complete 
|   1|0x00000000a0100000, 0x00000000a0200000, 0x00000000a0200000|100%|HS|  |TAMS 0x00000000a0200000, 0x00000000a0100000| Complete 
|   2|0x00000000a0200000, 0x00000000a0300000, 0x00000000a0300000|100%|HC|  |TAMS 0x00000000a0300000, 0x00000000a0200000| Complete 
|   3|0x00000000a0300000, 0x00000000a0400000, 0x00000000a0400000|100%| O|  |TAMS 0x00000000a0400000, 0x00000000a0300000| Untracked 
|   4|0x00000000a0400000, 0x00000000a0500000, 0x00000000a0500000|100%| O|  |TAMS 0x00000000a0500000, 0x00000000a0400000| Untracked 
|   5|0x00000000a0500000, 0x00000000a0600000, 0x00000000a0600000|100%|HS|  |TAMS 0x00000000a0600000, 0x00000000a0500000| Complete 
|   6|0x00000000a0600000, 0x00000000a0700000, 0x00000000a0700000|100%|HC|  |TAMS 0x00000000a0700000, 0x00000000a0600000| Complete 
|   7|0x00000000a0700000, 0x00000000a0800000, 0x00000000a0800000|100%|HS|  |TAMS 0x00000000a0800000, 0x00000000a0700000| Complete 
|   8|0x00000000a0800000, 0x00000000a0900000, 0x00000000a0900000|100%|HC|  |TAMS 0x00000000a0900000, 0x00000000a0800000| Complete 
|   9|0x00000000a0900000, 0x00000000a0a00000, 0x00000000a0a00000|100%|HC|  |TAMS 0x00000000a0a00000, 0x00000000a0900000| Complete 
|  10|0x00000000a0a00000, 0x00000000a0b00000, 0x00000000a0b00000|100%|HS|  |TAMS 0x00000000a0b00000, 0x00000000a0a00000| Complete 
|  11|0x00000000a0b00000, 0x00000000a0c00000, 0x00000000a0c00000|100%|HC|  |TAMS 0x00000000a0c00000, 0x00000000a0b00000| Complete 
|  12|0x00000000a0c00000, 0x00000000a0d00000, 0x00000000a0d00000|100%|HC|  |TAMS 0x00000000a0d00000, 0x00000000a0c00000| Complete 
|  13|0x00000000a0d00000, 0x00000000a0e00000, 0x00000000a0e00000|100%|HC|  |TAMS 0x00000000a0e00000, 0x00000000a0d00000| Complete 
|  14|0x00000000a0e00000, 0x00000000a0f00000, 0x00000000a0f00000|100%|HC|  |TAMS 0x00000000a0f00000, 0x00000000a0e00000| Complete 
|  15|0x00000000a0f00000, 0x00000000a1000000, 0x00000000a1000000|100%| O|  |TAMS 0x00000000a1000000, 0x00000000a0f00000| Untracked 
|  16|0x00000000a1000000, 0x00000000a1100000, 0x00000000a1100000|100%| O|  |TAMS 0x00000000a1100000, 0x00000000a1000000| Untracked 
|  17|0x00000000a1100000, 0x00000000a1200000, 0x00000000a1200000|100%| O|  |TAMS 0x00000000a1200000, 0x00000000a1100000| Untracked 
|  18|0x00000000a1200000, 0x00000000a1300000, 0x00000000a1300000|100%| O|  |TAMS 0x00000000a1300000, 0x00000000a1200000| Untracked 
|  19|0x00000000a1300000, 0x00000000a1400000, 0x00000000a1400000|100%| O|  |TAMS 0x00000000a1400000, 0x00000000a1300000| Untracked 
|  20|0x00000000a1400000, 0x00000000a1500000, 0x00000000a1500000|100%| O|  |TAMS 0x00000000a1500000, 0x00000000a1400000| Untracked 
|  21|0x00000000a1500000, 0x00000000a1600000, 0x00000000a1600000|100%| O|  |TAMS 0x00000000a1600000, 0x00000000a1500000| Untracked 
|  22|0x00000000a1600000, 0x00000000a1700000, 0x00000000a1700000|100%| O|  |TAMS 0x00000000a1700000, 0x00000000a1600000| Untracked 
|  23|0x00000000a1700000, 0x00000000a1800000, 0x00000000a1800000|100%| O|  |TAMS 0x00000000a1800000, 0x00000000a1700000| Untracked 
|  24|0x00000000a1800000, 0x00000000a1900000, 0x00000000a1900000|100%| O|  |TAMS 0x00000000a1850000, 0x00000000a1800000| Untracked 
|  25|0x00000000a1900000, 0x00000000a1a00000, 0x00000000a1a00000|100%| O|  |TAMS 0x00000000a1900000, 0x00000000a1900000| Untracked 
|  26|0x00000000a1a00000, 0x00000000a1b00000, 0x00000000a1b00000|100%| O|  |TAMS 0x00000000a1a00000, 0x00000000a1a00000| Untracked 
|  27|0x00000000a1b00000, 0x00000000a1c00000, 0x00000000a1c00000|100%| O|  |TAMS 0x00000000a1b00000, 0x00000000a1b00000| Untracked 
|  28|0x00000000a1c00000, 0x00000000a1c9c400, 0x00000000a1d00000| 61%| O|  |TAMS 0x00000000a1c00000, 0x00000000a1c00000| Untracked 
|  29|0x00000000a1d00000, 0x00000000a1d00000, 0x00000000a1e00000|  0%| F|  |TAMS 0x00000000a1d00000, 0x00000000a1d00000| Untracked 
|  30|0x00000000a1e00000, 0x00000000a1e00000, 0x00000000a1f00000|  0%| F|  |TAMS 0x00000000a1e00000, 0x00000000a1e00000| Untracked 
|  31|0x00000000a1f00000, 0x00000000a1f00000, 0x00000000a2000000|  0%| F|  |TAMS 0x00000000a1f00000, 0x00000000a1f00000| Untracked 
|  32|0x00000000a2000000, 0x00000000a2000000, 0x00000000a2100000|  0%| F|  |TAMS 0x00000000a2000000, 0x00000000a2000000| Untracked 
|  33|0x00000000a2100000, 0x00000000a2100000, 0x00000000a2200000|  0%| F|  |TAMS 0x00000000a2100000, 0x00000000a2100000| Untracked 
|  34|0x00000000a2200000, 0x00000000a2200000, 0x00000000a2300000|  0%| F|  |TAMS 0x00000000a2200000, 0x00000000a2200000| Untracked 
|  35|0x00000000a2300000, 0x00000000a2300000, 0x00000000a2400000|  0%| F|  |TAMS 0x00000000a2300000, 0x00000000a2300000| Untracked 
|  36|0x00000000a2400000, 0x00000000a2400000, 0x00000000a2500000|  0%| F|  |TAMS 0x00000000a2400000, 0x00000000a2400000| Untracked 
|  37|0x00000000a2500000, 0x00000000a2500000, 0x00000000a2600000|  0%| F|  |TAMS 0x00000000a2500000, 0x00000000a2500000| Untracked 
|  38|0x00000000a2600000, 0x00000000a2600000, 0x00000000a2700000|  0%| F|  |TAMS 0x00000000a2600000, 0x00000000a2600000| Untracked 
|  39|0x00000000a2700000, 0x00000000a2700000, 0x00000000a2800000|  0%| F|  |TAMS 0x00000000a2700000, 0x00000000a2700000| Untracked 
|  40|0x00000000a2800000, 0x00000000a2800000, 0x00000000a2900000|  0%| F|  |TAMS 0x00000000a2800000, 0x00000000a2800000| Untracked 
|  41|0x00000000a2900000, 0x00000000a2900000, 0x00000000a2a00000|  0%| F|  |TAMS 0x00000000a2900000, 0x00000000a2900000| Untracked 
|  42|0x00000000a2a00000, 0x00000000a2a00000, 0x00000000a2b00000|  0%| F|  |TAMS 0x00000000a2a00000, 0x00000000a2a00000| Untracked 
|  43|0x00000000a2b00000, 0x00000000a2b00000, 0x00000000a2c00000|  0%| F|  |TAMS 0x00000000a2b00000, 0x00000000a2b00000| Untracked 
|  44|0x00000000a2c00000, 0x00000000a2c00000, 0x00000000a2d00000|  0%| F|  |TAMS 0x00000000a2c00000, 0x00000000a2c00000| Untracked 
|  45|0x00000000a2d00000, 0x00000000a2d00000, 0x00000000a2e00000|  0%| F|  |TAMS 0x00000000a2d00000, 0x00000000a2d00000| Untracked 
|  46|0x00000000a2e00000, 0x00000000a2e00000, 0x00000000a2f00000|  0%| F|  |TAMS 0x00000000a2e00000, 0x00000000a2e00000| Untracked 
|  47|0x00000000a2f00000, 0x00000000a2f00000, 0x00000000a3000000|  0%| F|  |TAMS 0x00000000a2f00000, 0x00000000a2f00000| Untracked 
|  48|0x00000000a3000000, 0x00000000a3000000, 0x00000000a3100000|  0%| F|  |TAMS 0x00000000a3000000, 0x00000000a3000000| Untracked 
|  49|0x00000000a3100000, 0x00000000a3100000, 0x00000000a3200000|  0%| F|  |TAMS 0x00000000a3100000, 0x00000000a3100000| Untracked 
|  50|0x00000000a3200000, 0x00000000a3200000, 0x00000000a3300000|  0%| F|  |TAMS 0x00000000a3200000, 0x00000000a3200000| Untracked 
|  51|0x00000000a3300000, 0x00000000a3300000, 0x00000000a3400000|  0%| F|  |TAMS 0x00000000a3300000, 0x00000000a3300000| Untracked 
|  52|0x00000000a3400000, 0x00000000a3400000, 0x00000000a3500000|  0%| F|  |TAMS 0x00000000a3400000, 0x00000000a3400000| Untracked 
|  53|0x00000000a3500000, 0x00000000a3500000, 0x00000000a3600000|  0%| F|  |TAMS 0x00000000a3500000, 0x00000000a3500000| Untracked 
|  54|0x00000000a3600000, 0x00000000a3600000, 0x00000000a3700000|  0%| F|  |TAMS 0x00000000a3600000, 0x00000000a3600000| Untracked 
|  55|0x00000000a3700000, 0x00000000a3700000, 0x00000000a3800000|  0%| F|  |TAMS 0x00000000a3700000, 0x00000000a3700000| Untracked 
|  56|0x00000000a3800000, 0x00000000a3800000, 0x00000000a3900000|  0%| F|  |TAMS 0x00000000a3800000, 0x00000000a3800000| Untracked 
|  57|0x00000000a3900000, 0x00000000a3900000, 0x00000000a3a00000|  0%| F|  |TAMS 0x00000000a3900000, 0x00000000a3900000| Untracked 
|  58|0x00000000a3a00000, 0x00000000a3a00000, 0x00000000a3b00000|  0%| F|  |TAMS 0x00000000a3a00000, 0x00000000a3a00000| Untracked 
|  59|0x00000000a3b00000, 0x00000000a3b00000, 0x00000000a3c00000|  0%| F|  |TAMS 0x00000000a3b00000, 0x00000000a3b00000| Untracked 
|  60|0x00000000a3c00000, 0x00000000a3c00000, 0x00000000a3d00000|  0%| F|  |TAMS 0x00000000a3c00000, 0x00000000a3c00000| Untracked 
|  61|0x00000000a3d00000, 0x00000000a3d00000, 0x00000000a3e00000|  0%| F|  |TAMS 0x00000000a3d00000, 0x00000000a3d00000| Untracked 
|  62|0x00000000a3e00000, 0x00000000a3e00000, 0x00000000a3f00000|  0%| F|  |TAMS 0x00000000a3e00000, 0x00000000a3e00000| Untracked 
|  63|0x00000000a3f00000, 0x00000000a3f00000, 0x00000000a4000000|  0%| F|  |TAMS 0x00000000a3f00000, 0x00000000a3f00000| Untracked 
|  64|0x00000000a4000000, 0x00000000a4000000, 0x00000000a4100000|  0%| F|  |TAMS 0x00000000a4000000, 0x00000000a4000000| Untracked 
|  65|0x00000000a4100000, 0x00000000a4100000, 0x00000000a4200000|  0%| F|  |TAMS 0x00000000a4100000, 0x00000000a4100000| Untracked 
|  66|0x00000000a4200000, 0x00000000a4200000, 0x00000000a4300000|  0%| F|  |TAMS 0x00000000a4200000, 0x00000000a4200000| Untracked 
|  67|0x00000000a4300000, 0x00000000a4300000, 0x00000000a4400000|  0%| F|  |TAMS 0x00000000a4300000, 0x00000000a4300000| Untracked 
|  68|0x00000000a4400000, 0x00000000a4400000, 0x00000000a4500000|  0%| F|  |TAMS 0x00000000a4400000, 0x00000000a4400000| Untracked 
|  69|0x00000000a4500000, 0x00000000a4500000, 0x00000000a4600000|  0%| F|  |TAMS 0x00000000a4500000, 0x00000000a4500000| Untracked 
|  70|0x00000000a4600000, 0x00000000a4600000, 0x00000000a4700000|  0%| F|  |TAMS 0x00000000a4600000, 0x00000000a4600000| Untracked 
|  71|0x00000000a4700000, 0x00000000a4700000, 0x00000000a4800000|  0%| F|  |TAMS 0x00000000a4700000, 0x00000000a4700000| Untracked 
|  72|0x00000000a4800000, 0x00000000a4800000, 0x00000000a4900000|  0%| F|  |TAMS 0x00000000a4800000, 0x00000000a4800000| Untracked 
|  73|0x00000000a4900000, 0x00000000a4900000, 0x00000000a4a00000|  0%| F|  |TAMS 0x00000000a4900000, 0x00000000a4900000| Untracked 
|  74|0x00000000a4a00000, 0x00000000a4a00000, 0x00000000a4b00000|  0%| F|  |TAMS 0x00000000a4a00000, 0x00000000a4a00000| Untracked 
|  75|0x00000000a4b00000, 0x00000000a4b00000, 0x00000000a4c00000|  0%| F|  |TAMS 0x00000000a4b00000, 0x00000000a4b00000| Untracked 
|  76|0x00000000a4c00000, 0x00000000a4c00000, 0x00000000a4d00000|  0%| F|  |TAMS 0x00000000a4c00000, 0x00000000a4c00000| Untracked 
|  77|0x00000000a4d00000, 0x00000000a4d00000, 0x00000000a4e00000|  0%| F|  |TAMS 0x00000000a4d00000, 0x00000000a4d00000| Untracked 
|  78|0x00000000a4e00000, 0x00000000a4e00000, 0x00000000a4f00000|  0%| F|  |TAMS 0x00000000a4e00000, 0x00000000a4e00000| Untracked 
|  79|0x00000000a4f00000, 0x00000000a4f00000, 0x00000000a5000000|  0%| F|  |TAMS 0x00000000a4f00000, 0x00000000a4f00000| Untracked 
|  80|0x00000000a5000000, 0x00000000a5000000, 0x00000000a5100000|  0%| F|  |TAMS 0x00000000a5000000, 0x00000000a5000000| Untracked 
|  81|0x00000000a5100000, 0x00000000a5100000, 0x00000000a5200000|  0%| F|  |TAMS 0x00000000a5100000, 0x00000000a5100000| Untracked 
|  82|0x00000000a5200000, 0x00000000a5200000, 0x00000000a5300000|  0%| F|  |TAMS 0x00000000a5200000, 0x00000000a5200000| Untracked 
|  83|0x00000000a5300000, 0x00000000a5300000, 0x00000000a5400000|  0%| F|  |TAMS 0x00000000a5300000, 0x00000000a5300000| Untracked 
|  84|0x00000000a5400000, 0x00000000a5400000, 0x00000000a5500000|  0%| F|  |TAMS 0x00000000a5400000, 0x00000000a5400000| Untracked 
|  85|0x00000000a5500000, 0x00000000a5500000, 0x00000000a5600000|  0%| F|  |TAMS 0x00000000a5500000, 0x00000000a5500000| Untracked 
|  86|0x00000000a5600000, 0x00000000a5600000, 0x00000000a5700000|  0%| F|  |TAMS 0x00000000a5600000, 0x00000000a5600000| Untracked 
|  87|0x00000000a5700000, 0x00000000a5700000, 0x00000000a5800000|  0%| F|  |TAMS 0x00000000a5700000, 0x00000000a5700000| Untracked 
|  88|0x00000000a5800000, 0x00000000a5800000, 0x00000000a5900000|  0%| F|  |TAMS 0x00000000a5800000, 0x00000000a5800000| Untracked 
|  89|0x00000000a5900000, 0x00000000a5900000, 0x00000000a5a00000|  0%| F|  |TAMS 0x00000000a5900000, 0x00000000a5900000| Untracked 
|  90|0x00000000a5a00000, 0x00000000a5a00000, 0x00000000a5b00000|  0%| F|  |TAMS 0x00000000a5a00000, 0x00000000a5a00000| Untracked 
|  91|0x00000000a5b00000, 0x00000000a5b00000, 0x00000000a5c00000|  0%| F|  |TAMS 0x00000000a5b00000, 0x00000000a5b00000| Untracked 
|  92|0x00000000a5c00000, 0x00000000a5c00000, 0x00000000a5d00000|  0%| F|  |TAMS 0x00000000a5c00000, 0x00000000a5c00000| Untracked 
|  93|0x00000000a5d00000, 0x00000000a5d00000, 0x00000000a5e00000|  0%| F|  |TAMS 0x00000000a5d00000, 0x00000000a5d00000| Untracked 
|  94|0x00000000a5e00000, 0x00000000a5e00000, 0x00000000a5f00000|  0%| F|  |TAMS 0x00000000a5e00000, 0x00000000a5e00000| Untracked 
|  95|0x00000000a5f00000, 0x00000000a5f00000, 0x00000000a6000000|  0%| F|  |TAMS 0x00000000a5f00000, 0x00000000a5f00000| Untracked 
|  96|0x00000000a6000000, 0x00000000a6000000, 0x00000000a6100000|  0%| F|  |TAMS 0x00000000a6000000, 0x00000000a6000000| Untracked 
|  97|0x00000000a6100000, 0x00000000a6100000, 0x00000000a6200000|  0%| F|  |TAMS 0x00000000a6100000, 0x00000000a6100000| Untracked 
|  98|0x00000000a6200000, 0x00000000a6200000, 0x00000000a6300000|  0%| F|  |TAMS 0x00000000a6200000, 0x00000000a6200000| Untracked 
|  99|0x00000000a6300000, 0x00000000a6300000, 0x00000000a6400000|  0%| F|  |TAMS 0x00000000a6300000, 0x00000000a6300000| Untracked 
| 100|0x00000000a6400000, 0x00000000a6400000, 0x00000000a6500000|  0%| F|  |TAMS 0x00000000a6400000, 0x00000000a6400000| Untracked 
| 101|0x00000000a6500000, 0x00000000a6500000, 0x00000000a6600000|  0%| F|  |TAMS 0x00000000a6500000, 0x00000000a6500000| Untracked 
| 102|0x00000000a6600000, 0x00000000a6600000, 0x00000000a6700000|  0%| F|  |TAMS 0x00000000a6600000, 0x00000000a6600000| Untracked 
| 103|0x00000000a6700000, 0x00000000a6700000, 0x00000000a6800000|  0%| F|  |TAMS 0x00000000a6700000, 0x00000000a6700000| Untracked 
| 104|0x00000000a6800000, 0x00000000a6800000, 0x00000000a6900000|  0%| F|  |TAMS 0x00000000a6800000, 0x00000000a6800000| Untracked 
| 105|0x00000000a6900000, 0x00000000a6900000, 0x00000000a6a00000|  0%| F|  |TAMS 0x00000000a6900000, 0x00000000a6900000| Untracked 
| 106|0x00000000a6a00000, 0x00000000a6a00000, 0x00000000a6b00000|  0%| F|  |TAMS 0x00000000a6a00000, 0x00000000a6a00000| Untracked 
| 107|0x00000000a6b00000, 0x00000000a6b00000, 0x00000000a6c00000|  0%| F|  |TAMS 0x00000000a6b00000, 0x00000000a6b00000| Untracked 
| 108|0x00000000a6c00000, 0x00000000a6c00000, 0x00000000a6d00000|  0%| F|  |TAMS 0x00000000a6c00000, 0x00000000a6c00000| Untracked 
| 109|0x00000000a6d00000, 0x00000000a6d00000, 0x00000000a6e00000|  0%| F|  |TAMS 0x00000000a6d00000, 0x00000000a6d00000| Untracked 
| 110|0x00000000a6e00000, 0x00000000a6e00000, 0x00000000a6f00000|  0%| F|  |TAMS 0x00000000a6e00000, 0x00000000a6e00000| Untracked 
| 111|0x00000000a6f00000, 0x00000000a6f00000, 0x00000000a7000000|  0%| F|  |TAMS 0x00000000a6f00000, 0x00000000a6f00000| Untracked 
| 112|0x00000000a7000000, 0x00000000a7000000, 0x00000000a7100000|  0%| F|  |TAMS 0x00000000a7000000, 0x00000000a7000000| Untracked 
| 113|0x00000000a7100000, 0x00000000a7100000, 0x00000000a7200000|  0%| F|  |TAMS 0x00000000a7100000, 0x00000000a7100000| Untracked 
| 114|0x00000000a7200000, 0x00000000a7200000, 0x00000000a7300000|  0%| F|  |TAMS 0x00000000a7200000, 0x00000000a7200000| Untracked 
| 115|0x00000000a7300000, 0x00000000a7300000, 0x00000000a7400000|  0%| F|  |TAMS 0x00000000a7300000, 0x00000000a7300000| Untracked 
| 116|0x00000000a7400000, 0x00000000a7400000, 0x00000000a7500000|  0%| F|  |TAMS 0x00000000a7400000, 0x00000000a7400000| Untracked 
| 117|0x00000000a7500000, 0x00000000a7500000, 0x00000000a7600000|  0%| F|  |TAMS 0x00000000a7500000, 0x00000000a7500000| Untracked 
| 118|0x00000000a7600000, 0x00000000a7600000, 0x00000000a7700000|  0%| F|  |TAMS 0x00000000a7600000, 0x00000000a7600000| Untracked 
| 119|0x00000000a7700000, 0x00000000a7700000, 0x00000000a7800000|  0%| F|  |TAMS 0x00000000a7700000, 0x00000000a7700000| Untracked 
| 120|0x00000000a7800000, 0x00000000a7800000, 0x00000000a7900000|  0%| F|  |TAMS 0x00000000a7800000, 0x00000000a7800000| Untracked 
| 121|0x00000000a7900000, 0x00000000a7900000, 0x00000000a7a00000|  0%| F|  |TAMS 0x00000000a7900000, 0x00000000a7900000| Untracked 
| 122|0x00000000a7a00000, 0x00000000a7a00000, 0x00000000a7b00000|  0%| F|  |TAMS 0x00000000a7a00000, 0x00000000a7a00000| Untracked 
| 123|0x00000000a7b00000, 0x00000000a7b00000, 0x00000000a7c00000|  0%| F|  |TAMS 0x00000000a7b00000, 0x00000000a7b00000| Untracked 
| 124|0x00000000a7c00000, 0x00000000a7c00000, 0x00000000a7d00000|  0%| F|  |TAMS 0x00000000a7c00000, 0x00000000a7c00000| Untracked 
| 125|0x00000000a7d00000, 0x00000000a7d00000, 0x00000000a7e00000|  0%| F|  |TAMS 0x00000000a7d00000, 0x00000000a7d00000| Untracked 
| 126|0x00000000a7e00000, 0x00000000a7e00000, 0x00000000a7f00000|  0%| F|  |TAMS 0x00000000a7e00000, 0x00000000a7e00000| Untracked 
| 127|0x00000000a7f00000, 0x00000000a7f00000, 0x00000000a8000000|  0%| F|  |TAMS 0x00000000a7f00000, 0x00000000a7f00000| Untracked 
| 128|0x00000000a8000000, 0x00000000a8000000, 0x00000000a8100000|  0%| F|  |TAMS 0x00000000a8000000, 0x00000000a8000000| Untracked 
| 129|0x00000000a8100000, 0x00000000a8100000, 0x00000000a8200000|  0%| F|  |TAMS 0x00000000a8100000, 0x00000000a8100000| Untracked 
| 130|0x00000000a8200000, 0x00000000a8200000, 0x00000000a8300000|  0%| F|  |TAMS 0x00000000a8200000, 0x00000000a8200000| Untracked 
| 131|0x00000000a8300000, 0x00000000a8300000, 0x00000000a8400000|  0%| F|  |TAMS 0x00000000a8300000, 0x00000000a8300000| Untracked 
| 132|0x00000000a8400000, 0x00000000a8400000, 0x00000000a8500000|  0%| F|  |TAMS 0x00000000a8400000, 0x00000000a8400000| Untracked 
| 133|0x00000000a8500000, 0x00000000a85876a0, 0x00000000a8600000| 52%| S|CS|TAMS 0x00000000a8500000, 0x00000000a8500000| Complete 
| 134|0x00000000a8600000, 0x00000000a8700000, 0x00000000a8700000|100%| S|CS|TAMS 0x00000000a8600000, 0x00000000a8600000| Complete 
| 135|0x00000000a8700000, 0x00000000a8800000, 0x00000000a8800000|100%| S|CS|TAMS 0x00000000a8700000, 0x00000000a8700000| Complete 
| 136|0x00000000a8800000, 0x00000000a8900000, 0x00000000a8900000|100%| S|CS|TAMS 0x00000000a8800000, 0x00000000a8800000| Complete 
| 137|0x00000000a8900000, 0x00000000a8a00000, 0x00000000a8a00000|100%| S|CS|TAMS 0x00000000a8900000, 0x00000000a8900000| Complete 
| 138|0x00000000a8a00000, 0x00000000a8b00000, 0x00000000a8b00000|100%| S|CS|TAMS 0x00000000a8a00000, 0x00000000a8a00000| Complete 
| 139|0x00000000a8b00000, 0x00000000a8c00000, 0x00000000a8c00000|100%| S|CS|TAMS 0x00000000a8b00000, 0x00000000a8b00000| Complete 
| 140|0x00000000a8c00000, 0x00000000a8d00000, 0x00000000a8d00000|100%| S|CS|TAMS 0x00000000a8c00000, 0x00000000a8c00000| Complete 
| 141|0x00000000a8d00000, 0x00000000a8e00000, 0x00000000a8e00000|100%| S|CS|TAMS 0x00000000a8d00000, 0x00000000a8d00000| Complete 
| 142|0x00000000a8e00000, 0x00000000a8e00000, 0x00000000a8f00000|  0%| F|  |TAMS 0x00000000a8e00000, 0x00000000a8e00000| Untracked 
| 143|0x00000000a8f00000, 0x00000000a8f00000, 0x00000000a9000000|  0%| F|  |TAMS 0x00000000a8f00000, 0x00000000a8f00000| Untracked 
| 144|0x00000000a9000000, 0x00000000a9000000, 0x00000000a9100000|  0%| F|  |TAMS 0x00000000a9000000, 0x00000000a9000000| Untracked 
| 145|0x00000000a9100000, 0x00000000a9100000, 0x00000000a9200000|  0%| F|  |TAMS 0x00000000a9100000, 0x00000000a9100000| Untracked 
| 146|0x00000000a9200000, 0x00000000a9200000, 0x00000000a9300000|  0%| F|  |TAMS 0x00000000a9200000, 0x00000000a9200000| Untracked 
| 147|0x00000000a9300000, 0x00000000a9300000, 0x00000000a9400000|  0%| F|  |TAMS 0x00000000a9300000, 0x00000000a9300000| Untracked 
| 148|0x00000000a9400000, 0x00000000a9400000, 0x00000000a9500000|  0%| F|  |TAMS 0x00000000a9400000, 0x00000000a9400000| Untracked 
| 149|0x00000000a9500000, 0x00000000a9500000, 0x00000000a9600000|  0%| F|  |TAMS 0x00000000a9500000, 0x00000000a9500000| Untracked 
| 150|0x00000000a9600000, 0x00000000a9600000, 0x00000000a9700000|  0%| F|  |TAMS 0x00000000a9600000, 0x00000000a9600000| Untracked 
| 151|0x00000000a9700000, 0x00000000a9780800, 0x00000000a9800000| 50%| E|  |TAMS 0x00000000a9700000, 0x00000000a9700000| Complete 
| 152|0x00000000a9800000, 0x00000000a9900000, 0x00000000a9900000|100%| E|CS|TAMS 0x00000000a9800000, 0x00000000a9800000| Complete 
| 153|0x00000000a9900000, 0x00000000a9a00000, 0x00000000a9a00000|100%| E|CS|TAMS 0x00000000a9900000, 0x00000000a9900000| Complete 
| 154|0x00000000a9a00000, 0x00000000a9b00000, 0x00000000a9b00000|100%| E|CS|TAMS 0x00000000a9a00000, 0x00000000a9a00000| Complete 
| 155|0x00000000a9b00000, 0x00000000a9c00000, 0x00000000a9c00000|100%| E|CS|TAMS 0x00000000a9b00000, 0x00000000a9b00000| Complete 
| 156|0x00000000a9c00000, 0x00000000a9d00000, 0x00000000a9d00000|100%| E|CS|TAMS 0x00000000a9c00000, 0x00000000a9c00000| Complete 
| 157|0x00000000a9d00000, 0x00000000a9e00000, 0x00000000a9e00000|100%| E|CS|TAMS 0x00000000a9d00000, 0x00000000a9d00000| Complete 
| 158|0x00000000a9e00000, 0x00000000a9f00000, 0x00000000a9f00000|100%| E|CS|TAMS 0x00000000a9e00000, 0x00000000a9e00000| Complete 
| 159|0x00000000a9f00000, 0x00000000aa000000, 0x00000000aa000000|100%| E|CS|TAMS 0x00000000a9f00000, 0x00000000a9f00000| Complete 
| 160|0x00000000aa000000, 0x00000000aa100000, 0x00000000aa100000|100%| E|CS|TAMS 0x00000000aa000000, 0x00000000aa000000| Complete 
| 161|0x00000000aa100000, 0x00000000aa200000, 0x00000000aa200000|100%| E|CS|TAMS 0x00000000aa100000, 0x00000000aa100000| Complete 
| 162|0x00000000aa200000, 0x00000000aa300000, 0x00000000aa300000|100%| E|CS|TAMS 0x00000000aa200000, 0x00000000aa200000| Complete 
| 163|0x00000000aa300000, 0x00000000aa400000, 0x00000000aa400000|100%| E|CS|TAMS 0x00000000aa300000, 0x00000000aa300000| Complete 
| 164|0x00000000aa400000, 0x00000000aa500000, 0x00000000aa500000|100%| E|CS|TAMS 0x00000000aa400000, 0x00000000aa400000| Complete 
| 165|0x00000000aa500000, 0x00000000aa600000, 0x00000000aa600000|100%| E|CS|TAMS 0x00000000aa500000, 0x00000000aa500000| Complete 
| 166|0x00000000aa600000, 0x00000000aa700000, 0x00000000aa700000|100%| E|CS|TAMS 0x00000000aa600000, 0x00000000aa600000| Complete 
| 167|0x00000000aa700000, 0x00000000aa800000, 0x00000000aa800000|100%| E|CS|TAMS 0x00000000aa700000, 0x00000000aa700000| Complete 
| 168|0x00000000aa800000, 0x00000000aa900000, 0x00000000aa900000|100%| E|CS|TAMS 0x00000000aa800000, 0x00000000aa800000| Complete 
| 169|0x00000000aa900000, 0x00000000aaa00000, 0x00000000aaa00000|100%| E|CS|TAMS 0x00000000aa900000, 0x00000000aa900000| Complete 
| 170|0x00000000aaa00000, 0x00000000aab00000, 0x00000000aab00000|100%| E|CS|TAMS 0x00000000aaa00000, 0x00000000aaa00000| Complete 
| 171|0x00000000aab00000, 0x00000000aac00000, 0x00000000aac00000|100%| E|CS|TAMS 0x00000000aab00000, 0x00000000aab00000| Complete 
| 172|0x00000000aac00000, 0x00000000aad00000, 0x00000000aad00000|100%| E|CS|TAMS 0x00000000aac00000, 0x00000000aac00000| Complete 
| 173|0x00000000aad00000, 0x00000000aae00000, 0x00000000aae00000|100%| E|CS|TAMS 0x00000000aad00000, 0x00000000aad00000| Complete 
| 174|0x00000000aae00000, 0x00000000aaf00000, 0x00000000aaf00000|100%| E|CS|TAMS 0x00000000aae00000, 0x00000000aae00000| Complete 
| 175|0x00000000aaf00000, 0x00000000ab000000, 0x00000000ab000000|100%| E|CS|TAMS 0x00000000aaf00000, 0x00000000aaf00000| Complete 
| 176|0x00000000ab000000, 0x00000000ab100000, 0x00000000ab100000|100%| E|CS|TAMS 0x00000000ab000000, 0x00000000ab000000| Complete 
| 177|0x00000000ab100000, 0x00000000ab200000, 0x00000000ab200000|100%| E|CS|TAMS 0x00000000ab100000, 0x00000000ab100000| Complete 
| 178|0x00000000ab200000, 0x00000000ab300000, 0x00000000ab300000|100%| E|CS|TAMS 0x00000000ab200000, 0x00000000ab200000| Complete 
| 179|0x00000000ab300000, 0x00000000ab400000, 0x00000000ab400000|100%| E|CS|TAMS 0x00000000ab300000, 0x00000000ab300000| Complete 
| 180|0x00000000ab400000, 0x00000000ab500000, 0x00000000ab500000|100%| E|CS|TAMS 0x00000000ab400000, 0x00000000ab400000| Complete 
| 181|0x00000000ab500000, 0x00000000ab600000, 0x00000000ab600000|100%| E|CS|TAMS 0x00000000ab500000, 0x00000000ab500000| Complete 
| 182|0x00000000ab600000, 0x00000000ab700000, 0x00000000ab700000|100%| E|CS|TAMS 0x00000000ab600000, 0x00000000ab600000| Complete 
| 183|0x00000000ab700000, 0x00000000ab800000, 0x00000000ab800000|100%| E|CS|TAMS 0x00000000ab700000, 0x00000000ab700000| Complete 
| 184|0x00000000ab800000, 0x00000000ab900000, 0x00000000ab900000|100%| E|CS|TAMS 0x00000000ab800000, 0x00000000ab800000| Complete 
| 185|0x00000000ab900000, 0x00000000aba00000, 0x00000000aba00000|100%| E|CS|TAMS 0x00000000ab900000, 0x00000000ab900000| Complete 
| 186|0x00000000aba00000, 0x00000000abb00000, 0x00000000abb00000|100%| E|CS|TAMS 0x00000000aba00000, 0x00000000aba00000| Complete 
| 187|0x00000000abb00000, 0x00000000abc00000, 0x00000000abc00000|100%| E|CS|TAMS 0x00000000abb00000, 0x00000000abb00000| Complete 
| 188|0x00000000abc00000, 0x00000000abd00000, 0x00000000abd00000|100%| E|CS|TAMS 0x00000000abc00000, 0x00000000abc00000| Complete 
| 189|0x00000000abd00000, 0x00000000abe00000, 0x00000000abe00000|100%| E|CS|TAMS 0x00000000abd00000, 0x00000000abd00000| Complete 
| 190|0x00000000abe00000, 0x00000000abf00000, 0x00000000abf00000|100%| E|CS|TAMS 0x00000000abe00000, 0x00000000abe00000| Complete 
| 191|0x00000000abf00000, 0x00000000ac000000, 0x00000000ac000000|100%| E|CS|TAMS 0x00000000abf00000, 0x00000000abf00000| Complete 
| 192|0x00000000ac000000, 0x00000000ac100000, 0x00000000ac100000|100%| E|CS|TAMS 0x00000000ac000000, 0x00000000ac000000| Complete 
| 193|0x00000000ac100000, 0x00000000ac200000, 0x00000000ac200000|100%| E|CS|TAMS 0x00000000ac100000, 0x00000000ac100000| Complete 
| 194|0x00000000ac200000, 0x00000000ac300000, 0x00000000ac300000|100%| E|CS|TAMS 0x00000000ac200000, 0x00000000ac200000| Complete 
| 195|0x00000000ac300000, 0x00000000ac400000, 0x00000000ac400000|100%| E|CS|TAMS 0x00000000ac300000, 0x00000000ac300000| Complete 
| 196|0x00000000ac400000, 0x00000000ac500000, 0x00000000ac500000|100%| E|CS|TAMS 0x00000000ac400000, 0x00000000ac400000| Complete 
| 197|0x00000000ac500000, 0x00000000ac600000, 0x00000000ac600000|100%| E|CS|TAMS 0x00000000ac500000, 0x00000000ac500000| Complete 
| 198|0x00000000ac600000, 0x00000000ac700000, 0x00000000ac700000|100%| E|CS|TAMS 0x00000000ac600000, 0x00000000ac600000| Complete 
| 199|0x00000000ac700000, 0x00000000ac800000, 0x00000000ac800000|100%| E|CS|TAMS 0x00000000ac700000, 0x00000000ac700000| Complete 
| 200|0x00000000ac800000, 0x00000000ac900000, 0x00000000ac900000|100%| E|CS|TAMS 0x00000000ac800000, 0x00000000ac800000| Complete 
| 201|0x00000000ac900000, 0x00000000aca00000, 0x00000000aca00000|100%| E|CS|TAMS 0x00000000ac900000, 0x00000000ac900000| Complete 
| 202|0x00000000aca00000, 0x00000000acb00000, 0x00000000acb00000|100%| E|CS|TAMS 0x00000000aca00000, 0x00000000aca00000| Complete 
| 203|0x00000000acb00000, 0x00000000acc00000, 0x00000000acc00000|100%| E|CS|TAMS 0x00000000acb00000, 0x00000000acb00000| Complete 
| 204|0x00000000acc00000, 0x00000000acd00000, 0x00000000acd00000|100%| E|CS|TAMS 0x00000000acc00000, 0x00000000acc00000| Complete 
| 205|0x00000000acd00000, 0x00000000ace00000, 0x00000000ace00000|100%| E|CS|TAMS 0x00000000acd00000, 0x00000000acd00000| Complete 
| 206|0x00000000ace00000, 0x00000000acf00000, 0x00000000acf00000|100%| E|CS|TAMS 0x00000000ace00000, 0x00000000ace00000| Complete 
| 207|0x00000000acf00000, 0x00000000ad000000, 0x00000000ad000000|100%| E|CS|TAMS 0x00000000acf00000, 0x00000000acf00000| Complete 
| 208|0x00000000ad000000, 0x00000000ad100000, 0x00000000ad100000|100%| E|CS|TAMS 0x00000000ad000000, 0x00000000ad000000| Complete 
| 209|0x00000000ad100000, 0x00000000ad200000, 0x00000000ad200000|100%| E|CS|TAMS 0x00000000ad100000, 0x00000000ad100000| Complete 
| 210|0x00000000ad200000, 0x00000000ad300000, 0x00000000ad300000|100%| E|CS|TAMS 0x00000000ad200000, 0x00000000ad200000| Complete 
| 211|0x00000000ad300000, 0x00000000ad400000, 0x00000000ad400000|100%| E|CS|TAMS 0x00000000ad300000, 0x00000000ad300000| Complete 
| 212|0x00000000ad400000, 0x00000000ad500000, 0x00000000ad500000|100%| E|CS|TAMS 0x00000000ad400000, 0x00000000ad400000| Complete 
| 213|0x00000000ad500000, 0x00000000ad600000, 0x00000000ad600000|100%| E|CS|TAMS 0x00000000ad500000, 0x00000000ad500000| Complete 
| 214|0x00000000ad600000, 0x00000000ad700000, 0x00000000ad700000|100%| E|CS|TAMS 0x00000000ad600000, 0x00000000ad600000| Complete 
| 215|0x00000000ad700000, 0x00000000ad800000, 0x00000000ad800000|100%| E|CS|TAMS 0x00000000ad700000, 0x00000000ad700000| Complete 
| 216|0x00000000ad800000, 0x00000000ad900000, 0x00000000ad900000|100%| E|CS|TAMS 0x00000000ad800000, 0x00000000ad800000| Complete 
| 217|0x00000000ad900000, 0x00000000ada00000, 0x00000000ada00000|100%| E|CS|TAMS 0x00000000ad900000, 0x00000000ad900000| Complete 
| 218|0x00000000ada00000, 0x00000000adb00000, 0x00000000adb00000|100%| E|CS|TAMS 0x00000000ada00000, 0x00000000ada00000| Complete 
| 219|0x00000000adb00000, 0x00000000adc00000, 0x00000000adc00000|100%| E|CS|TAMS 0x00000000adb00000, 0x00000000adb00000| Complete 
| 220|0x00000000adc00000, 0x00000000add00000, 0x00000000add00000|100%| E|CS|TAMS 0x00000000adc00000, 0x00000000adc00000| Complete 
| 221|0x00000000add00000, 0x00000000ade00000, 0x00000000ade00000|100%| E|CS|TAMS 0x00000000add00000, 0x00000000add00000| Complete 
| 222|0x00000000ade00000, 0x00000000adf00000, 0x00000000adf00000|100%| E|CS|TAMS 0x00000000ade00000, 0x00000000ade00000| Complete 
| 223|0x00000000adf00000, 0x00000000ae000000, 0x00000000ae000000|100%| E|CS|TAMS 0x00000000adf00000, 0x00000000adf00000| Complete 
| 224|0x00000000ae000000, 0x00000000ae100000, 0x00000000ae100000|100%| E|CS|TAMS 0x00000000ae000000, 0x00000000ae000000| Complete 
| 225|0x00000000ae100000, 0x00000000ae200000, 0x00000000ae200000|100%| E|CS|TAMS 0x00000000ae100000, 0x00000000ae100000| Complete 
| 226|0x00000000ae200000, 0x00000000ae300000, 0x00000000ae300000|100%| E|CS|TAMS 0x00000000ae200000, 0x00000000ae200000| Complete 
| 227|0x00000000ae300000, 0x00000000ae400000, 0x00000000ae400000|100%| E|CS|TAMS 0x00000000ae300000, 0x00000000ae300000| Complete 
| 228|0x00000000ae400000, 0x00000000ae500000, 0x00000000ae500000|100%| E|CS|TAMS 0x00000000ae400000, 0x00000000ae400000| Complete 
| 229|0x00000000ae500000, 0x00000000ae600000, 0x00000000ae600000|100%| E|CS|TAMS 0x00000000ae500000, 0x00000000ae500000| Complete 
| 230|0x00000000ae600000, 0x00000000ae700000, 0x00000000ae700000|100%| E|CS|TAMS 0x00000000ae600000, 0x00000000ae600000| Complete 
| 231|0x00000000ae700000, 0x00000000ae800000, 0x00000000ae800000|100%| E|CS|TAMS 0x00000000ae700000, 0x00000000ae700000| Complete 
| 232|0x00000000ae800000, 0x00000000ae900000, 0x00000000ae900000|100%| E|CS|TAMS 0x00000000ae800000, 0x00000000ae800000| Complete 
| 233|0x00000000ae900000, 0x00000000aea00000, 0x00000000aea00000|100%| E|CS|TAMS 0x00000000ae900000, 0x00000000ae900000| Complete 
| 234|0x00000000aea00000, 0x00000000aeb00000, 0x00000000aeb00000|100%| E|CS|TAMS 0x00000000aea00000, 0x00000000aea00000| Complete 
| 235|0x00000000aeb00000, 0x00000000aec00000, 0x00000000aec00000|100%| E|CS|TAMS 0x00000000aeb00000, 0x00000000aeb00000| Complete 
| 236|0x00000000aec00000, 0x00000000aed00000, 0x00000000aed00000|100%| E|CS|TAMS 0x00000000aec00000, 0x00000000aec00000| Complete 
| 237|0x00000000aed00000, 0x00000000aee00000, 0x00000000aee00000|100%| E|CS|TAMS 0x00000000aed00000, 0x00000000aed00000| Complete 
| 238|0x00000000aee00000, 0x00000000aef00000, 0x00000000aef00000|100%| E|CS|TAMS 0x00000000aee00000, 0x00000000aee00000| Complete 
| 239|0x00000000aef00000, 0x00000000af000000, 0x00000000af000000|100%| E|CS|TAMS 0x00000000aef00000, 0x00000000aef00000| Complete 
| 240|0x00000000af000000, 0x00000000af100000, 0x00000000af100000|100%| E|CS|TAMS 0x00000000af000000, 0x00000000af000000| Complete 
| 241|0x00000000af100000, 0x00000000af200000, 0x00000000af200000|100%| E|CS|TAMS 0x00000000af100000, 0x00000000af100000| Complete 
| 242|0x00000000af200000, 0x00000000af300000, 0x00000000af300000|100%| E|CS|TAMS 0x00000000af200000, 0x00000000af200000| Complete 
| 243|0x00000000af300000, 0x00000000af400000, 0x00000000af400000|100%| E|CS|TAMS 0x00000000af300000, 0x00000000af300000| Complete 
| 244|0x00000000af400000, 0x00000000af500000, 0x00000000af500000|100%| E|CS|TAMS 0x00000000af400000, 0x00000000af400000| Complete 
| 245|0x00000000af500000, 0x00000000af600000, 0x00000000af600000|100%| E|CS|TAMS 0x00000000af500000, 0x00000000af500000| Complete 
| 246|0x00000000af600000, 0x00000000af700000, 0x00000000af700000|100%| E|CS|TAMS 0x00000000af600000, 0x00000000af600000| Complete 
| 247|0x00000000af700000, 0x00000000af800000, 0x00000000af800000|100%| E|CS|TAMS 0x00000000af700000, 0x00000000af700000| Complete 
| 248|0x00000000af800000, 0x00000000af900000, 0x00000000af900000|100%| E|CS|TAMS 0x00000000af800000, 0x00000000af800000| Complete 
| 249|0x00000000af900000, 0x00000000afa00000, 0x00000000afa00000|100%| E|CS|TAMS 0x00000000af900000, 0x00000000af900000| Complete 
| 250|0x00000000afa00000, 0x00000000afb00000, 0x00000000afb00000|100%| E|CS|TAMS 0x00000000afa00000, 0x00000000afa00000| Complete 
| 251|0x00000000afb00000, 0x00000000afc00000, 0x00000000afc00000|100%| E|CS|TAMS 0x00000000afb00000, 0x00000000afb00000| Complete 
| 252|0x00000000afc00000, 0x00000000afd00000, 0x00000000afd00000|100%| E|CS|TAMS 0x00000000afc00000, 0x00000000afc00000| Complete 
| 253|0x00000000afd00000, 0x00000000afe00000, 0x00000000afe00000|100%| E|CS|TAMS 0x00000000afd00000, 0x00000000afd00000| Complete 
| 254|0x00000000afe00000, 0x00000000aff00000, 0x00000000aff00000|100%| E|CS|TAMS 0x00000000afe00000, 0x00000000afe00000| Complete 
| 255|0x00000000aff00000, 0x00000000b0000000, 0x00000000b0000000|100%| E|CS|TAMS 0x00000000aff00000, 0x00000000aff00000| Complete 

Card table byte_map: [0x000001d4d4af0000,0x000001d4d4df0000] _byte_map_base: 0x000001d4d45f0000

Marking Bits (Prev, Next): (CMBitMap*) 0x000001d4bfaa4d18, (CMBitMap*) 0x000001d4bfaa4d50
 Prev Bits: [0x000001d4d50f0000, 0x000001d4d68f0000)
 Next Bits: [0x000001d4d68f0000, 0x000001d4d80f0000)

Polling page: 0x000001d4bf910000

Metaspace:

Usage:
  Non-class:     34.08 MB capacity,    33.68 MB ( 99%) used,   345.15 KB ( <1%) free+waste,    60.13 KB ( <1%) overhead. 
      Class:      5.08 MB capacity,     4.81 MB ( 95%) used,   246.97 KB (  5%) free+waste,    27.38 KB ( <1%) overhead. 
       Both:     39.16 MB capacity,    38.50 MB ( 98%) used,   592.12 KB (  1%) free+waste,    87.50 KB ( <1%) overhead. 

Virtual space:
  Non-class space:       36.00 MB reserved,      34.25 MB ( 95%) committed 
      Class space:        1.00 GB reserved,       5.13 MB ( <1%) committed 
             Both:        1.04 GB reserved,      39.38 MB (  4%) committed 

Chunk freelists:
   Non-Class:  1.00 KB
       Class:  12.00 KB
        Both:  13.00 KB

MaxMetaspaceSize: 17179869184.00 GB
CompressedClassSpaceSize: 1.00 GB

CodeHeap 'non-profiled nmethods': size=120000Kb used=1911Kb max_used=1911Kb free=118088Kb
 bounds [0x000001d4cc850000, 0x000001d4ccac0000, 0x000001d4d3d80000]
CodeHeap 'profiled nmethods': size=120000Kb used=7124Kb max_used=7124Kb free=112875Kb
 bounds [0x000001d4c5320000, 0x000001d4c5a20000, 0x000001d4cc850000]
CodeHeap 'non-nmethods': size=5760Kb used=2197Kb max_used=2252Kb free=3562Kb
 bounds [0x000001d4c4d80000, 0x000001d4c4ff0000, 0x000001d4c5320000]
 total_blobs=4197 nmethods=3439 adapters=669
 compilation: enabled
              stopped_count=0, restarted_count=0
 full_count=0

Compilation events (20 events):
Event: 7.075 Thread 0x000001d4db422800 nmethod 3447 0x000001d4c5a12090 code [0x000001d4c5a12240, 0x000001d4c5a12358]
Event: 7.075 Thread 0x000001d4db422800 3434       3       org.codehaus.groovy.antlr.GroovySourceAST::<init> (5 bytes)
Event: 7.075 Thread 0x000001d4db422800 nmethod 3434 0x000001d4c5a12410 code [0x000001d4c5a125e0, 0x000001d4c5a127f8]
Event: 7.075 Thread 0x000001d4db422800 3435       3       groovyjarjarantlr.CommonAST::<init> (10 bytes)
Event: 7.076 Thread 0x000001d4db422800 nmethod 3435 0x000001d4c5a12910 code [0x000001d4c5a12ac0, 0x000001d4c5a12c78]
Event: 7.076 Thread 0x000001d4db422800 3436       3       groovyjarjarantlr.BaseAST::<init> (5 bytes)
Event: 7.076 Thread 0x000001d4db422800 nmethod 3436 0x000001d4c5a12d90 code [0x000001d4c5a12f40, 0x000001d4c5a13098]
Event: 7.076 Thread 0x000001d4db422800 3440   !   3       groovyjarjarantlr.ASTFactory::create (44 bytes)
Event: 7.076 Thread 0x000001d4db422800 nmethod 3440 0x000001d4c5a13190 code [0x000001d4c5a133e0, 0x000001d4c5a139a8]
Event: 7.076 Thread 0x000001d4db422800 3438       3       groovyjarjarantlr.ASTFactory::create (27 bytes)
Event: 7.076 Thread 0x000001d4db422800 nmethod 3438 0x000001d4c5a13c90 code [0x000001d4c5a13e60, 0x000001d4c5a140e8]
Event: 7.076 Thread 0x000001d4db422800 3439       3       groovyjarjarantlr.ASTFactory::getASTNodeType (66 bytes)
Event: 7.077 Thread 0x000001d4db422800 nmethod 3439 0x000001d4c5a14210 code [0x000001d4c5a14460, 0x000001d4c5a14db8]
Event: 7.077 Thread 0x000001d4db422800 3454   !   3       org.codehaus.groovy.antlr.parser.GroovyLexer::nextToken (2683 bytes)
Event: 7.086 Thread 0x000001d4db41c000 nmethod 3430 0x000001d4cca2a610 code [0x000001d4cca2a840, 0x000001d4cca2b060]
Event: 7.086 Thread 0x000001d4db41c000 3460       4       groovyjarjarantlr.InputBuffer::syncConsume (48 bytes)
Event: 7.088 Thread 0x000001d4db41c000 nmethod 3460 0x000001d4cca2b610 code [0x000001d4cca2b7a0, 0x000001d4cca2b8b8]
Event: 7.088 Thread 0x000001d4db41c000 3461   !   4       groovyjarjarantlr.CharBuffer::fill (52 bytes)
Event: 7.091 Thread 0x000001d4dddc4000 nmethod 3406 0x000001d4cca2b990 code [0x000001d4cca2bc80, 0x000001d4cca2ce50]
Event: 7.091 Thread 0x000001d4dddc4000 3446       4       groovyjarjarantlr.CharScanner::LA (35 bytes)

GC Heap History (12 events):
Event: 0.723 GC heap before
{Heap before GC invocations=0 (full 0):
 garbage-first heap   total 262144K, used 26624K [0x00000000a0000000, 0x0000000100000000)
  region size 1024K, 24 young (24576K), 0 survivors (0K)
 Metaspace       used 10705K, capacity 10991K, committed 11264K, reserved 1058816K
  class space    used 1124K, capacity 1194K, committed 1280K, reserved 1048576K
}
Event: 0.727 GC heap after
{Heap after GC invocations=1 (full 0):
 garbage-first heap   total 262144K, used 7543K [0x00000000a0000000, 0x0000000100000000)
  region size 1024K, 3 young (3072K), 3 survivors (3072K)
 Metaspace       used 10705K, capacity 10991K, committed 11264K, reserved 1058816K
  class space    used 1124K, capacity 1194K, committed 1280K, reserved 1048576K
}
Event: 2.143 GC heap before
{Heap before GC invocations=1 (full 0):
 garbage-first heap   total 262144K, used 78199K [0x00000000a0000000, 0x0000000100000000)
  region size 1024K, 74 young (75776K), 3 survivors (3072K)
 Metaspace       used 20654K, capacity 21178K, committed 21248K, reserved 1067008K
  class space    used 2596K, capacity 2788K, committed 2816K, reserved 1048576K
}
Event: 2.153 GC heap after
{Heap after GC invocations=2 (full 0):
 garbage-first heap   total 262144K, used 14809K [0x00000000a0000000, 0x0000000100000000)
  region size 1024K, 11 young (11264K), 11 survivors (11264K)
 Metaspace       used 20654K, capacity 21178K, committed 21248K, reserved 1067008K
  class space    used 2596K, capacity 2788K, committed 2816K, reserved 1048576K
}
Event: 3.780 GC heap before
{Heap before GC invocations=3 (full 0):
 garbage-first heap   total 262144K, used 69081K [0x00000000a0000000, 0x0000000100000000)
  region size 1024K, 55 young (56320K), 11 survivors (11264K)
 Metaspace       used 27477K, capacity 28099K, committed 28416K, reserved 1073152K
  class space    used 3511K, capacity 3726K, committed 3840K, reserved 1048576K
}
Event: 3.788 GC heap after
{Heap after GC invocations=4 (full 0):
 garbage-first heap   total 262144K, used 29810K [0x00000000a0000000, 0x0000000100000000)
  region size 1024K, 5 young (5120K), 5 survivors (5120K)
 Metaspace       used 27477K, capacity 28099K, committed 28416K, reserved 1073152K
  class space    used 3511K, capacity 3726K, committed 3840K, reserved 1048576K
}
Event: 4.835 GC heap before
{Heap before GC invocations=4 (full 0):
 garbage-first heap   total 262144K, used 68722K [0x00000000a0000000, 0x0000000100000000)
  region size 1024K, 42 young (43008K), 5 survivors (5120K)
 Metaspace       used 35021K, capacity 35726K, committed 35840K, reserved 1081344K
  class space    used 4256K, capacity 4541K, committed 4608K, reserved 1048576K
}
Event: 4.846 GC heap after
{Heap after GC invocations=5 (full 0):
 garbage-first heap   total 262144K, used 33012K [0x00000000a0000000, 0x0000000100000000)
  region size 1024K, 8 young (8192K), 8 survivors (8192K)
 Metaspace       used 35021K, capacity 35726K, committed 35840K, reserved 1081344K
  class space    used 4256K, capacity 4541K, committed 4608K, reserved 1048576K
}
Event: 5.884 GC heap before
{Heap before GC invocations=6 (full 0):
 garbage-first heap   total 262144K, used 119028K [0x00000000a0000000, 0x0000000100000000)
  region size 1024K, 92 young (94208K), 8 survivors (8192K)
 Metaspace       used 38769K, capacity 39465K, committed 39808K, reserved 1083392K
  class space    used 4871K, capacity 5123K, committed 5248K, reserved 1048576K
}
Event: 5.890 GC heap after
{Heap after GC invocations=7 (full 0):
 garbage-first heap   total 262144K, used 35359K [0x00000000a0000000, 0x0000000100000000)
  region size 1024K, 6 young (6144K), 6 survivors (6144K)
 Metaspace       used 38769K, capacity 39465K, committed 39808K, reserved 1083392K
  class space    used 4871K, capacity 5123K, committed 5248K, reserved 1048576K
}
Event: 6.422 GC heap before
{Heap before GC invocations=7 (full 0):
 garbage-first heap   total 262144K, used 145951K [0x00000000a0000000, 0x0000000100000000)
  region size 1024K, 114 young (116736K), 6 survivors (6144K)
 Metaspace       used 38769K, capacity 39465K, committed 39808K, reserved 1083392K
  class space    used 4871K, capacity 5123K, committed 5248K, reserved 1048576K
}
Event: 6.427 GC heap after
{Heap after GC invocations=8 (full 0):
 garbage-first heap   total 262144K, used 38030K [0x00000000a0000000, 0x0000000100000000)
  region size 1024K, 9 young (9216K), 9 survivors (9216K)
 Metaspace       used 38769K, capacity 39465K, committed 39808K, reserved 1083392K
  class space    used 4871K, capacity 5123K, committed 5248K, reserved 1048576K
}

Deoptimization events (20 events):
Event: 7.015 Thread 0x000001d4dcab1000 DEOPT PACKING pc=0x000001d4cc984f80 sp=0x00000005705f9e30
Event: 7.015 Thread 0x000001d4dcab1000 DEOPT UNPACKING pc=0x000001d4c4da782f sp=0x00000005705f9d88 mode 2
Event: 7.052 Thread 0x000001d4dcab1000 DEOPT PACKING pc=0x000001d4c5553197 sp=0x00000005705fb870
Event: 7.052 Thread 0x000001d4dcab1000 DEOPT UNPACKING pc=0x000001d4c4da764e sp=0x00000005705fae10 mode 0
Event: 7.073 Thread 0x000001d4dcab1000 Uncommon trap: trap_request=0xffffff7e fr.pc=0x000001d4cca1c578 relative=0x00000000000004d8
Event: 7.073 Thread 0x000001d4dcab1000 Uncommon trap: reason=predicate action=maybe_recompile pc=0x000001d4cca1c578 method=groovyjarjarantlr.InputBuffer.syncConsume()V @ 4 c2
Event: 7.073 Thread 0x000001d4dcab1000 DEOPT PACKING pc=0x000001d4cca1c578 sp=0x00000005705f9ed0
Event: 7.073 Thread 0x000001d4dcab1000 DEOPT UNPACKING pc=0x000001d4c4da782f sp=0x00000005705f9d58 mode 2
Event: 7.073 Thread 0x000001d4dcab1000 Uncommon trap: trap_request=0xffffff7e fr.pc=0x000001d4cca191cc relative=0x00000000000000ac
Event: 7.073 Thread 0x000001d4dcab1000 Uncommon trap: reason=predicate action=maybe_recompile pc=0x000001d4cca191cc method=groovyjarjarantlr.InputBuffer.syncConsume()V @ 4 c2
Event: 7.073 Thread 0x000001d4dcab1000 DEOPT PACKING pc=0x000001d4cca191cc sp=0x00000005705f9e90
Event: 7.073 Thread 0x000001d4dcab1000 DEOPT UNPACKING pc=0x000001d4c4da782f sp=0x00000005705f9e30 mode 2
Event: 7.074 Thread 0x000001d4dcab1000 Uncommon trap: trap_request=0xffffff7e fr.pc=0x000001d4cca1ab88 relative=0x00000000000003e8
Event: 7.074 Thread 0x000001d4dcab1000 Uncommon trap: reason=predicate action=maybe_recompile pc=0x000001d4cca1ab88 method=groovyjarjarantlr.InputBuffer.syncConsume()V @ 4 c2
Event: 7.074 Thread 0x000001d4dcab1000 DEOPT PACKING pc=0x000001d4cca1ab88 sp=0x00000005705f9e00
Event: 7.074 Thread 0x000001d4dcab1000 DEOPT UNPACKING pc=0x000001d4c4da782f sp=0x00000005705f9d38 mode 2
Event: 7.092 Thread 0x000001d4dcab1000 Uncommon trap: trap_request=0xffffff4d fr.pc=0x000001d4cca0518c relative=0x000000000000006c
Event: 7.092 Thread 0x000001d4dcab1000 Uncommon trap: reason=unstable_if action=reinterpret pc=0x000001d4cca0518c method=java.nio.ByteBuffer.order(Ljava/nio/ByteOrder;)Ljava/nio/ByteBuffer; @ 5 c2
Event: 7.092 Thread 0x000001d4dcab1000 DEOPT PACKING pc=0x000001d4cca0518c sp=0x00000005705fa000
Event: 7.092 Thread 0x000001d4dcab1000 DEOPT UNPACKING pc=0x000001d4c4da782f sp=0x00000005705f9f90 mode 2

Classes redefined (0 events):
No events

Internal exceptions (20 events):
Event: 4.662 Thread 0x000001d4dcab1000 Exception <a 'java/security/PrivilegedActionException'{0x00000000ae18fe88}> (0x00000000ae18fe88) thrown at [./src/hotspot/share/prims/jvm.cpp, line 1306]
Event: 4.662 Thread 0x000001d4dcab1000 Exception <a 'java/security/PrivilegedActionException'{0x00000000ae190bf8}> (0x00000000ae190bf8) thrown at [./src/hotspot/share/prims/jvm.cpp, line 1306]
Event: 4.663 Thread 0x000001d4dcab1000 Exception <a 'java/lang/ClassNotFoundException'{0x00000000ae197590}: groovy/lang/Closure$1Customizer> (0x00000000ae197590) thrown at [./src/hotspot/share/classfile/systemDictionary.cpp, line 231]
Event: 4.724 Thread 0x000001d4dcab1000 Exception <a 'java/lang/ClassNotFoundException'{0x00000000adfcbf38}: org/gradle/internal/metaobject/ConfigureDelegateBeanInfo> (0x00000000adfcbf38) thrown at [./src/hotspot/share/classfile/systemDictionary.cpp, line 231]
Event: 4.725 Thread 0x000001d4dcab1000 Exception <a 'java/lang/ClassNotFoundException'{0x00000000adfe5188}: org/gradle/internal/metaobject/ConfigureDelegateCustomizer> (0x00000000adfe5188) thrown at [./src/hotspot/share/classfile/systemDictionary.cpp, line 231]
Event: 4.744 Thread 0x000001d4dcab1000 Exception <a 'java/lang/ClassNotFoundException'{0x00000000ade3f4c0}: org/gradle/api/internal/initialization/DefaultScriptHandlerBeanInfo> (0x00000000ade3f4c0) thrown at [./src/hotspot/share/classfile/systemDictionary.cpp, line 231]
Event: 4.745 Thread 0x000001d4dcab1000 Exception <a 'java/lang/ClassNotFoundException'{0x00000000ade5a660}: org/gradle/api/internal/initialization/DefaultScriptHandlerCustomizer> (0x00000000ade5a660) thrown at [./src/hotspot/share/classfile/systemDictionary.cpp, line 231]
Event: 4.853 Thread 0x000001d4dcab1000 Implicit null exception at 0x000001d4cc90c575 to 0x000001d4cc90c73c
Event: 5.131 Thread 0x000001d4dcab1000 Exception <a 'java/lang/ClassNotFoundException'{0x00000000aea93c60}: org/gradle/api/internal/artifacts/dsl/dependencies/DefaultDependencyHandler_DecoratedBeanInfo> (0x00000000aea93c60) thrown at [./src/hotspot/share/classfile/systemDictionary.cpp, line 231]
Event: 5.131 Thread 0x000001d4dcab1000 Exception <a 'java/lang/ClassNotFoundException'{0x00000000aeac04c0}: org/gradle/api/internal/artifacts/dsl/dependencies/DefaultDependencyHandlerBeanInfo> (0x00000000aeac04c0) thrown at [./src/hotspot/share/classfile/systemDictionary.cpp, line 231]
Event: 5.132 Thread 0x000001d4dcab1000 Exception <a 'java/lang/ClassNotFoundException'{0x00000000aeaec2d8}: org/gradle/api/internal/artifacts/dsl/dependencies/DefaultDependencyHandlerCustomizer> (0x00000000aeaec2d8) thrown at [./src/hotspot/share/classfile/systemDictionary.cpp, line 231]
Event: 5.134 Thread 0x000001d4dcab1000 Exception <a 'java/lang/ClassNotFoundException'{0x00000000ae935d50}: org/gradle/api/internal/artifacts/dsl/dependencies/DefaultDependencyHandler_DecoratedCustomizer> (0x00000000ae935d50) thrown at [./src/hotspot/share/classfile/systemDictionary.cpp, line 231]
Event: 7.012 Thread 0x000001d4dcab1000 Exception <a 'java/lang/ClassNotFoundException'{0x00000000a9c14a28}: sync_studio_tooling_4e8zno85x2sfhw2j82yp1nol9BeanInfo> (0x00000000a9c14a28) thrown at [./src/hotspot/share/classfile/systemDictionary.cpp, line 231]
Event: 7.013 Thread 0x000001d4dcab1000 Exception <a 'java/lang/ClassNotFoundException'{0x00000000a9c1d1f8}: sync_studio_tooling_4e8zno85x2sfhw2j82yp1nol9Customizer> (0x00000000a9c1d1f8) thrown at [./src/hotspot/share/classfile/systemDictionary.cpp, line 231]
Event: 7.033 Thread 0x000001d4dcab1000 Exception <a 'java/lang/ClassNotFoundException'{0x00000000a9b23e00}: org/gradle/invocation/DefaultGradle_DecoratedBeanInfo> (0x00000000a9b23e00) thrown at [./src/hotspot/share/classfile/systemDictionary.cpp, line 231]
Event: 7.034 Thread 0x000001d4dcab1000 Exception <a 'java/lang/ClassNotFoundException'{0x00000000a9b3c550}: org/gradle/invocation/DefaultGradleBeanInfo> (0x00000000a9b3c550) thrown at [./src/hotspot/share/classfile/systemDictionary.cpp, line 231]
Event: 7.035 Thread 0x000001d4dcab1000 Exception <a 'java/lang/ClassNotFoundException'{0x00000000a9b57870}: org/gradle/api/internal/project/AbstractPluginAwareBeanInfo> (0x00000000a9b57870) thrown at [./src/hotspot/share/classfile/systemDictionary.cpp, line 231]
Event: 7.036 Thread 0x000001d4dcab1000 Exception <a 'java/lang/ClassNotFoundException'{0x00000000a9b72b88}: org/gradle/api/internal/project/AbstractPluginAwareCustomizer> (0x00000000a9b72b88) thrown at [./src/hotspot/share/classfile/systemDictionary.cpp, line 231]
Event: 7.037 Thread 0x000001d4dcab1000 Exception <a 'java/lang/ClassNotFoundException'{0x00000000a9b916f8}: org/gradle/invocation/DefaultGradleCustomizer> (0x00000000a9b916f8) thrown at [./src/hotspot/share/classfile/systemDictionary.cpp, line 231]
Event: 7.042 Thread 0x000001d4dcab1000 Exception <a 'java/lang/ClassNotFoundException'{0x00000000a9bdabc8}: org/gradle/invocation/DefaultGradle_DecoratedCustomizer> (0x00000000a9bdabc8) thrown at [./src/hotspot/share/classfile/systemDictionary.cpp, line 231]

Events (20 events):
Event: 7.041 loading class org/gradle/invocation/DefaultGradle_DecoratedCustomizer
Event: 7.041 loading class org/gradle/invocation/DefaultGradle_DecoratedCustomizer done
Event: 7.042 loading class org/gradle/invocation/DefaultGradle_DecoratedCustomizer
Event: 7.042 loading class org/gradle/invocation/DefaultGradle_DecoratedCustomizer done
Event: 7.048 loading class org/gradle/util/ConfigureUtil$WrappedConfigureAction
Event: 7.048 loading class org/gradle/util/ConfigureUtil$WrappedConfigureAction done
Event: 7.048 loading class org/gradle/invocation/DefaultGradle$2
Event: 7.048 loading class org/gradle/invocation/DefaultGradle$2 done
Event: 7.049 loading class org/gradle/configuration/internal/DefaultListenerBuildOperationDecorator$BuildOperationEmittingAction
Event: 7.049 loading class org/gradle/configuration/internal/DefaultListenerBuildOperationDecorator$BuildOperationEmittingAction done
Event: 7.088 loading class org/jetbrains/plugins/gradle/tooling/internal/ExtraModelBuilder
Event: 7.088 loading class org/jetbrains/plugins/gradle/tooling/internal/ExtraModelBuilder done
Event: 7.088 loading class org/gradle/tooling/provider/model/ToolingModelBuilderRegistry
Event: 7.088 loading class org/gradle/tooling/provider/model/ToolingModelBuilderRegistry done
Event: 7.089 loading class org/gradle/api/internal/project/ProjectInternal
Event: 7.089 loading class org/gradle/api/internal/project/ProjectInternal done
Event: 7.089 loading class org/gradle/util/GradleVersion
Event: 7.089 loading class org/gradle/util/GradleVersion done
Event: 7.090 Executing VM operation: ICBufferFull
Event: 7.090 Executing VM operation: ICBufferFull done


Dynamic libraries:
0x00007ff740420000 - 0x00007ff74042a000 	C:\Program Files\Android\Android Studio\jre\bin\java.exe
0x00007ffd332e0000 - 0x00007ffd334d0000 	C:\WINDOWS\SYSTEM32\ntdll.dll
0x00007ffd32db0000 - 0x00007ffd32e62000 	C:\WINDOWS\System32\KERNEL32.DLL
0x00007ffd306d0000 - 0x00007ffd30975000 	C:\WINDOWS\System32\KERNELBASE.dll
0x00007ffd30ae0000 - 0x00007ffd30bda000 	C:\WINDOWS\System32\ucrtbase.dll
0x00007ffd17ac0000 - 0x00007ffd17ad7000 	C:\Program Files\Android\Android Studio\jre\bin\VCRUNTIME140.dll
0x00007ffd162c0000 - 0x00007ffd162d9000 	C:\Program Files\Android\Android Studio\jre\bin\jli.dll
0x00007ffd315a0000 - 0x00007ffd31734000 	C:\WINDOWS\System32\USER32.dll
0x00007ffd30a20000 - 0x00007ffd30a41000 	C:\WINDOWS\System32\win32u.dll
0x00007ffd31410000 - 0x00007ffd31436000 	C:\WINDOWS\System32\GDI32.dll
0x00007ffd1e940000 - 0x00007ffd1ebc4000 	C:\WINDOWS\WinSxS\amd64_microsoft.windows.common-controls_6595b64144ccf1df_6.0.18362.1256_none_9e7e379be45e40e2\COMCTL32.dll
0x00007ffd30530000 - 0x00007ffd306c6000 	C:\WINDOWS\System32\gdi32full.dll
0x00007ffd31b00000 - 0x00007ffd31b9e000 	C:\WINDOWS\System32\msvcrt.dll
0x00007ffd30980000 - 0x00007ffd30a1e000 	C:\WINDOWS\System32\msvcp_win.dll
0x00007ffd31740000 - 0x00007ffd31a76000 	C:\WINDOWS\System32\combase.dll
0x00007ffd32f30000 - 0x00007ffd33050000 	C:\WINDOWS\System32\RPCRT4.dll
0x00007ffd304a0000 - 0x00007ffd30521000 	C:\WINDOWS\System32\bcryptPrimitives.dll
0x00007ffd31e40000 - 0x00007ffd31e6e000 	C:\WINDOWS\System32\IMM32.DLL
0x00007ffd12760000 - 0x00007ffd127fd000 	C:\Program Files\Android\Android Studio\jre\bin\msvcp140.dll
0x00007ffcf7df0000 - 0x00007ffcf88bf000 	C:\Program Files\Android\Android Studio\jre\bin\server\jvm.dll
0x00007ffd31c60000 - 0x00007ffd31d03000 	C:\WINDOWS\System32\ADVAPI32.dll
0x00007ffd33200000 - 0x00007ffd33297000 	C:\WINDOWS\System32\sechost.dll
0x00007ffd31e70000 - 0x00007ffd31e78000 	C:\WINDOWS\System32\PSAPI.DLL
0x00007ffd209d0000 - 0x00007ffd209d9000 	C:\WINDOWS\SYSTEM32\WSOCK32.dll
0x00007ffd31a80000 - 0x00007ffd31aef000 	C:\WINDOWS\System32\WS2_32.dll
0x00007ffd2e180000 - 0x00007ffd2e1a4000 	C:\WINDOWS\SYSTEM32\WINMM.dll
0x00007ffd2dd00000 - 0x00007ffd2dd2d000 	C:\WINDOWS\SYSTEM32\WINMMBASE.dll
0x00007ffd303a0000 - 0x00007ffd303ea000 	C:\WINDOWS\System32\cfgmgr32.dll
0x00007ffd28c80000 - 0x00007ffd28c8a000 	C:\WINDOWS\SYSTEM32\VERSION.dll
0x00007ffd30190000 - 0x00007ffd301a1000 	C:\WINDOWS\System32\kernel.appcore.dll
0x00007ffd1d320000 - 0x00007ffd1d331000 	C:\Program Files\Android\Android Studio\jre\bin\verify.dll
0x00007ffd1d970000 - 0x00007ffd1db64000 	C:\WINDOWS\SYSTEM32\DBGHELP.DLL
0x00007ffd1d390000 - 0x00007ffd1d3ba000 	C:\WINDOWS\SYSTEM32\dbgcore.DLL
0x00007ffd1a1d0000 - 0x00007ffd1a1f9000 	C:\Program Files\Android\Android Studio\jre\bin\java.dll
0x00007ffd2e330000 - 0x00007ffd2e33b000 	C:\Program Files\Android\Android Studio\jre\bin\jimage.dll
0x00007ffd1b4e0000 - 0x00007ffd1b4f8000 	C:\Program Files\Android\Android Studio\jre\bin\zip.dll
0x00007ffd32090000 - 0x00007ffd32777000 	C:\WINDOWS\System32\SHELL32.dll
0x00007ffd31d70000 - 0x00007ffd31e19000 	C:\WINDOWS\System32\shcore.dll
0x00007ffd30c00000 - 0x00007ffd31381000 	C:\WINDOWS\System32\windows.storage.dll
0x00007ffd30200000 - 0x00007ffd30223000 	C:\WINDOWS\System32\profapi.dll
0x00007ffd301b0000 - 0x00007ffd301fa000 	C:\WINDOWS\System32\powrprof.dll
0x00007ffd30180000 - 0x00007ffd30190000 	C:\WINDOWS\System32\UMPDC.dll
0x00007ffd32e70000 - 0x00007ffd32ec2000 	C:\WINDOWS\System32\shlwapi.dll
0x00007ffd30be0000 - 0x00007ffd30bf7000 	C:\WINDOWS\System32\cryptsp.dll
0x00007ffd1a760000 - 0x00007ffd1a77a000 	C:\Program Files\Android\Android Studio\jre\bin\net.dll
0x00007ffd25600000 - 0x00007ffd256f0000 	C:\WINDOWS\SYSTEM32\WINHTTP.dll
0x00007ffd2f9d0000 - 0x00007ffd2fa37000 	C:\WINDOWS\system32\mswsock.dll
0x00007ffd1a1b0000 - 0x00007ffd1a1c4000 	C:\Program Files\Android\Android Studio\jre\bin\nio.dll
0x00007ffd18140000 - 0x00007ffd1815e000 	C:\Users\User\.gradle\native\25\windows-amd64\native-platform.dll
0x00007ffd2e2e0000 - 0x00007ffd2e2ea000 	C:\Program Files\Android\Android Studio\jre\bin\management.dll
0x00007ffd2c9a0000 - 0x00007ffd2c9ac000 	C:\Program Files\Android\Android Studio\jre\bin\management_ext.dll
0x00007ffd2f540000 - 0x00007ffd2f573000 	C:\WINDOWS\system32\rsaenh.dll
0x00007ffd30a50000 - 0x00007ffd30a76000 	C:\WINDOWS\System32\bcrypt.dll
0x00007ffd300a0000 - 0x00007ffd300c5000 	C:\WINDOWS\SYSTEM32\USERENV.dll
0x00007ffd2fba0000 - 0x00007ffd2fbac000 	C:\WINDOWS\SYSTEM32\CRYPTBASE.dll
0x00007ffd2f6e0000 - 0x00007ffd2f71a000 	C:\WINDOWS\SYSTEM32\IPHLPAPI.DLL
0x00007ffd31af0000 - 0x00007ffd31af8000 	C:\WINDOWS\System32\NSI.dll
0x00007ffd299a0000 - 0x00007ffd299b6000 	C:\WINDOWS\SYSTEM32\dhcpcsvc6.DLL
0x00007ffd29980000 - 0x00007ffd2999c000 	C:\WINDOWS\SYSTEM32\dhcpcsvc.DLL
0x00007ffd2f720000 - 0x00007ffd2f7eb000 	C:\WINDOWS\SYSTEM32\DNSAPI.dll

dbghelp: loaded successfully - version: 4.0.5 - missing functions: none
symbol engine: initialized successfully - sym options: 0x614 - pdb path: .;C:\Program Files\Android\Android Studio\jre\bin;C:\WINDOWS\SYSTEM32;C:\WINDOWS\WinSxS\amd64_microsoft.windows.common-controls_6595b64144ccf1df_6.0.18362.1256_none_9e7e379be45e40e2;C:\Program Files\Android\Android Studio\jre\bin\server;C:\Users\User\.gradle\native\25\windows-amd64

VM Arguments:
jvm_args: --add-opens=java.base/java.util=ALL-UNNAMED --add-opens=java.base/java.lang=ALL-UNNAMED --add-opens=java.base/java.lang.invoke=ALL-UNNAMED --add-opens=java.prefs/java.util.prefs=ALL-UNNAMED -Xmx1536m -Dfile.encoding=windows-1251 -Duser.country=RU -Duser.language=ru -Duser.variant 
java_command: org.gradle.launcher.daemon.bootstrap.GradleDaemon 5.1.1
java_class_path (initial): C:\Users\User\.gradle\wrapper\dists\gradle-5.1.1-all\97z1ksx6lirer3kbvdnh7jtjg\gradle-5.1.1\lib\gradle-launcher-5.1.1.jar
Launcher Type: SUN_STANDARD

[Global flags]
     intx CICompilerCount                          = 4                                         {product} {ergonomic}
     uint ConcGCThreads                            = 2                                         {product} {ergonomic}
     uint G1ConcRefinementThreads                  = 8                                         {product} {ergonomic}
   size_t G1HeapRegionSize                         = 1048576                                   {product} {ergonomic}
    uintx GCDrainStackTargetSize                   = 64                                        {product} {ergonomic}
   size_t InitialHeapSize                          = 268435456                                 {product} {ergonomic}
   size_t MarkStackSize                            = 4194304                                   {product} {ergonomic}
   size_t MaxHeapSize                              = 1610612736                                {product} {command line}
   size_t MaxNewSize                               = 965738496                                 {product} {ergonomic}
   size_t MinHeapDeltaBytes                        = 1048576                                   {product} {ergonomic}
    uintx NonNMethodCodeHeapSize                   = 5836300                                {pd product} {ergonomic}
    uintx NonProfiledCodeHeapSize                  = 122910970                              {pd product} {ergonomic}
    uintx ProfiledCodeHeapSize                     = 122910970                              {pd product} {ergonomic}
    uintx ReservedCodeCacheSize                    = 251658240                              {pd product} {ergonomic}
     bool SegmentedCodeCache                       = true                                      {product} {ergonomic}
     bool UseCompressedClassPointers               = true                                 {lp64_product} {ergonomic}
     bool UseCompressedOops                        = true                                 {lp64_product} {ergonomic}
     bool UseG1GC                                  = true                                      {product} {ergonomic}
     bool UseLargePagesIndividualAllocation        = false                                  {pd product} {ergonomic}

Logging:
Log output configuration:
 #0: stdout all=warning uptime,level,tags
 #1: stderr all=off uptime,level,tags

Environment Variables:
PATH=C:\Program Files (x86)\Google\Chrome\Application;C:\Program Files (x86)\Common Files\Oracle\Java\javapath;C:\Windows\system32;C:\Windows;C:\Windows\System32\Wbem;C:\Windows\System32\WindowsPowerShell\v1.0\;C:\Program Files (x86)\NVIDIA Corporation\PhysX\Common;C:\Program Files\nodejs\;%SystemRoot%\system32;%SystemRoot%;%SystemRoot%\System32\Wbem;%SYSTEMROOT%\System32\WindowsPowerShell\v1.0\;%SYSTEMROOT%\System32\OpenSSH\;C:\Ruby27-x64\bin;C:\Users\User\AppData\Local\Microsoft\WindowsApps;C:\Users\User\AppData\Roaming\npm;C:\Users\User\AppData\Local\Programs\Microsoft VS Code\bin;C:\Users\User\AppData\Local\GitHubDesktop\bin;
USERNAME=User
OS=Windows_NT
PROCESSOR_IDENTIFIER=Intel64 Family 6 Model 58 Stepping 9, GenuineIntel



---------------  S Y S T E M  ---------------

OS: Windows 10 , 64 bit Build 18362 (10.0.18362.1110)
OS uptime: 3 days 21:54 hours

CPU:total 8 (initial active 8) (4 cores per cpu, 2 threads per core) family 6 model 58 stepping 9 microcode 0x20, cmov, cx8, fxsr, mmx, sse, sse2, sse3, ssse3, sse4.1, sse4.2, popcnt, avx, aes, clmul, erms, ht, tsc, tscinvbit, tscinv

Memory: 4k page, system-wide physical 16260M (1017M free)
TotalPageFile size 30439M (AvailPageFile size 4M)
current process WorkingSet (physical memory assigned to process): 297M, peak: 297M
current process commit charge ("private bytes"): 440M, peak: 455M

vm_info: OpenJDK 64-Bit Server VM (11.0.10+0-b96-7249189) for windows-amd64 JRE (11.0.10+0-b96-7249189), built on Mar 31 2021 21:44:00 by "builder" with MS VC++ 14.0 (VS2015)

END.
